C51 COMPILER V9.53.0.0   LCD_4_BIT_HEADER_FILE                                             12/20/2018 12:43:42 PAGE 1   


C51 COMPILER V9.53.0.0, COMPILATION OF MODULE LCD_4_BIT_HEADER_FILE
OBJECT MODULE PLACED IN LCD_4_BIT_HEADER_FILE.OBJ
COMPILER INVOKED BY: C:\Keil_v5\C51\BIN\C51.EXE LCD_4_BIT_HEADER_FILE.c OPTIMIZE(8,SPEED) BROWSE DEBUG OBJECTEXTEND TABS
                    -(2)

line level    source

   1          #include<reg51.h>
   2          #include "8051_delay.h"
   3          #include "LCD_4_BIT_HEADER_FILE.h"
   4          
   5          void main()
   6          {
   7   1        P1=0X00;
   8   1      
   9   1        Lcd_Intialization();
  10   1      
  11   1        while(1)
  12   1        {
  13   2          Lcd_Command(0x80);
  14   2          Lcd_String("LYCO SOFT");
  15   2        }
  16   1      }


MODULE INFORMATION:   STATIC OVERLAYABLE
   CODE SIZE        =    183    ----
   CONSTANT SIZE    =     10    ----
   XDATA SIZE       =   ----    ----
   PDATA SIZE       =   ----    ----
   DATA SIZE        =   ----       3
   IDATA SIZE       =   ----    ----
   BIT SIZE         =   ----    ----
END OF MODULE INFORMATION.


C51 COMPILATION COMPLETE.  0 WARNING(S),  0 ERROR(S)
